<?xml version="1.0" encoding="UTF-8"?>
<!-- Generated by org.testng.reporters.JUnitReportReporter -->
<testsuite hostname="DESKTOP-SFS223H" name="com.qa.rsautomation.tests.LoginPageTest" tests="2" failures="0" timestamp="29 Oct 2019 15:50:23 GMT" time="31.693" errors="0">
  <testcase name="verifyloginpageheaderTest" time="11.691" classname="com.qa.rsautomation.tests.LoginPageTest"/>
  <testcase name="enterLoginDetailsTest" time="20.002" classname="com.qa.rsautomation.tests.LoginPageTest"/>
</testsuite> <!-- com.qa.rsautomation.tests.LoginPageTest -->
