<?xml version="1.0" encoding="UTF-8"?>
<!-- Generated by org.testng.reporters.JUnitReportReporter -->
<testsuite hostname="DESKTOP-SFS223H" name="com.qa.rsautomation.tests.BasketSummaryPageTest" tests="2" failures="0" timestamp="29 Oct 2019 15:50:23 GMT" time="69.319" errors="0">
  <testcase name="verifyBasketTest" time="32.758" classname="com.qa.rsautomation.tests.BasketSummaryPageTest"/>
  <testcase name="verifyBasketTest" time="36.561" classname="com.qa.rsautomation.tests.BasketSummaryPageTest"/>
</testsuite> <!-- com.qa.rsautomation.tests.BasketSummaryPageTest -->
