<?xml version="1.0" encoding="UTF-8"?>
<!-- Generated by org.testng.reporters.JUnitReportReporter -->
<testsuite hostname="DESKTOP-SFS223H" name="com.qa.rsautomation.tests.HomePageTest" tests="3" failures="0" timestamp="29 Oct 2019 15:50:23 GMT" time="26.660" errors="0">
  <testcase name="verifyclickLoginTest" time="10.420" classname="com.qa.rsautomation.tests.HomePageTest"/>
  <testcase name="verifyhomepageTitleTest" time="7.620" classname="com.qa.rsautomation.tests.HomePageTest"/>
  <testcase name="verifyhomepageLogoTest" time="8.620" classname="com.qa.rsautomation.tests.HomePageTest"/>
</testsuite> <!-- com.qa.rsautomation.tests.HomePageTest -->
