<?xml version="1.0" encoding="UTF-8"?>
<!-- Generated by org.testng.reporters.JUnitReportReporter -->
<testsuite hostname="DESKTOP-SFS223H" name="com.qa.rsautomation.tests.ProductSearchPageTest" tests="3" failures="0" timestamp="29 Oct 2019 15:50:23 GMT" time="63.408" errors="0">
  <testcase name="verifyloggeduserTest" time="14.515" classname="com.qa.rsautomation.tests.ProductSearchPageTest"/>
  <testcase name="verifypartNumberTest" time="25.248" classname="com.qa.rsautomation.tests.ProductSearchPageTest"/>
  <testcase name="searchProductTest" time="23.645" classname="com.qa.rsautomation.tests.ProductSearchPageTest"/>
</testsuite> <!-- com.qa.rsautomation.tests.ProductSearchPageTest -->
